<?xml version="1.0" encoding="UTF-8"?>
<testng-results skipped="0" failed="0" ignored="0" total="1" passed="1">
  <reporter-output>
  </reporter-output>
  <suite name="Default suite" duration-ms="30" started-at="2019-06-18T01:05:00Z" finished-at="2019-06-18T01:05:00Z">
    <groups>
    </groups>
    <test name="Default test" duration-ms="30" started-at="2019-06-18T01:05:00Z" finished-at="2019-06-18T01:05:00Z">
      <class name="application.AppTest">
        <test-method status="PASS" signature="test()[pri:0, instance:application.AppTest@5bfbf16f]" name="test" duration-ms="8" started-at="2019-06-18T01:05:00Z" finished-at="2019-06-18T01:05:00Z">
          <reporter-output>
          </reporter-output>
        </test-method> <!-- test -->
      </class> <!-- application.AppTest -->
    </test> <!-- Default test -->
  </suite> <!-- Default suite -->
</testng-results>
